make --dry-run --always-make --keep-going --print-directory
make: Entering directory '/home/tom/projects/maze-solver'
/usr/bin/cmake -S/home/tom/projects/maze-solver -B/home/tom/projects/maze-solver --check-build-system CMakeFiles/Makefile.cmake 0
/usr/bin/cmake -E cmake_progress_start /home/tom/projects/maze-solver/CMakeFiles /home/tom/projects/maze-solver/CMakeFiles/progress.marks
make -f CMakeFiles/Makefile2 all
make[1]: Entering directory '/home/tom/projects/maze-solver'
make -f CMakeFiles/MazeSolver.dir/build.make CMakeFiles/MazeSolver.dir/depend
make[2]: Entering directory '/home/tom/projects/maze-solver'
cd /home/tom/projects/maze-solver && /usr/bin/cmake -E cmake_depends "Unix Makefiles" /home/tom/projects/maze-solver /home/tom/projects/maze-solver /home/tom/projects/maze-solver /home/tom/projects/maze-solver /home/tom/projects/maze-solver/CMakeFiles/MazeSolver.dir/DependInfo.cmake --color=
make[2]: Leaving directory '/home/tom/projects/maze-solver'
make -f CMakeFiles/MazeSolver.dir/build.make CMakeFiles/MazeSolver.dir/build
make[2]: Entering directory '/home/tom/projects/maze-solver'
/usr/bin/cmake -E cmake_echo_color --switch= --green --progress-dir=/home/tom/projects/maze-solver/CMakeFiles --progress-num=1 "Building CXX object CMakeFiles/MazeSolver.dir/src/main.cpp.o"
/usr/bin/c++   -I/home/tom/projects/maze-solver/src -isystem /usr/local/include/opencv4   -o CMakeFiles/MazeSolver.dir/src/main.cpp.o -c /home/tom/projects/maze-solver/src/main.cpp
/usr/bin/cmake -E cmake_echo_color --switch= --green --progress-dir=/home/tom/projects/maze-solver/CMakeFiles --progress-num=2 "Building CXX object CMakeFiles/MazeSolver.dir/src/ImageLoader.cpp.o"
/usr/bin/c++   -I/home/tom/projects/maze-solver/src -isystem /usr/local/include/opencv4   -o CMakeFiles/MazeSolver.dir/src/ImageLoader.cpp.o -c /home/tom/projects/maze-solver/src/ImageLoader.cpp
/usr/bin/cmake -E cmake_echo_color --switch= --green --bold --progress-dir=/home/tom/projects/maze-solver/CMakeFiles --progress-num=3 "Linking CXX executable MazeSolver"
/usr/bin/cmake -E cmake_link_script CMakeFiles/MazeSolver.dir/link.txt --verbose=
make[2]: Leaving directory '/home/tom/projects/maze-solver'
/usr/bin/cmake -E cmake_echo_color --switch= --progress-dir=/home/tom/projects/maze-solver/CMakeFiles --progress-num=1,2,3 "Built target MazeSolver"
make[1]: Leaving directory '/home/tom/projects/maze-solver'
/usr/bin/cmake -E cmake_progress_start /home/tom/projects/maze-solver/CMakeFiles 0
make: Leaving directory '/home/tom/projects/maze-solver'
 
